2025-02-28 08:34:21,848 - __main__ - INFO - Starting 2023-based portfolio scoring...
2025-02-28 08:34:21,855 - __main__ - INFO - Loaded reference scores for 501 locations
2025-02-28 08:34:21,855 - __main__ - INFO - Loading data files...
2025-02-28 08:34:22,794 - __main__ - INFO - Loaded df_vols: 32937 rows
2025-02-28 08:34:22,795 - __main__ - INFO - Loaded mc_per_product: 10923 rows
2025-02-28 08:34:22,795 - __main__ - INFO - Loaded market_pmi: 1662 rows
2025-02-28 08:34:22,795 - __main__ - INFO - Loaded market_comp: 6057 rows
2025-02-28 08:34:22,795 - __main__ - INFO - Loaded pax_data: 82265 rows
2025-02-28 08:34:22,795 - __main__ - INFO - Loaded mrk_nat_map: 231 rows
2025-02-28 08:34:22,795 - __main__ - INFO - Loaded iata_location: 1011 rows
2025-02-28 08:34:22,795 - __main__ - INFO - Loaded similarity_file: 8536 rows
2025-02-28 08:34:22,795 - __main__ - INFO - Loaded country_figures: 1332 rows
2025-02-28 08:34:22,795 - __main__ - INFO - Loaded dom_volumes: 16841 rows
2025-02-28 08:34:22,795 - __main__ - INFO - Loaded dom_products: 119733 rows
2025-02-28 08:34:22,795 - __main__ - INFO - Loaded selma_df_map: 114923 rows
2025-02-28 08:34:22,799 - __main__ - INFO - Calculating Category A scores (SKU Portfolio Optimization)...
2025-02-28 08:34:31,265 - __main__ - INFO - Category A calculation complete for 564 locations
2025-02-28 08:34:31,281 - __main__ - INFO - Calculating Category B scores (Segment Distribution)...
2025-02-28 08:34:31,285 - __main__ - WARNING - Error calculating Category B score for Cali: Found input variables with inconsistent numbers of samples: [5, 11]
2025-02-28 08:34:31,288 - __main__ - WARNING - Error calculating Category B score for Warsaw: Found input variables with inconsistent numbers of samples: [2, 12]
2025-02-28 08:34:31,290 - __main__ - WARNING - Error calculating Category B score for Ho Chi Minh: Found input variables with inconsistent numbers of samples: [4, 9]
2025-02-28 08:34:31,292 - __main__ - WARNING - Error calculating Category B score for Danang Downtown Shop: Found input variables with inconsistent numbers of samples: [4, 5]
2025-02-28 08:34:31,294 - __main__ - WARNING - Error calculating Category B score for Lyon Saint Exupery: Found input variables with inconsistent numbers of samples: [3, 15]
2025-02-28 08:34:31,296 - __main__ - WARNING - Error calculating Category B score for Amsterdam - Schiphol: Found input variables with inconsistent numbers of samples: [2, 1]
2025-02-28 08:34:31,298 - __main__ - WARNING - Error calculating Category B score for Incheon: Found input variables with inconsistent numbers of samples: [7, 30]
2025-02-28 08:34:31,301 - __main__ - WARNING - Error calculating Category B score for Los Cabos: Found input variables with inconsistent numbers of samples: [5, 15]
2025-02-28 08:34:31,312 - __main__ - WARNING - Error calculating Category B score for Banjul: Found input variables with inconsistent numbers of samples: [1, 10]
2025-02-28 08:34:31,319 - __main__ - WARNING - Error calculating Category B score for Busan - Kimhae (downtown): Found input variables with inconsistent numbers of samples: [7, 27]
2025-02-28 08:34:31,321 - __main__ - WARNING - Error calculating Category B score for Alicante: Found input variables with inconsistent numbers of samples: [2, 18]
2025-02-28 08:34:31,323 - __main__ - WARNING - Error calculating Category B score for Mudanjiang Hailang: Found input variables with inconsistent numbers of samples: [4, 29]
2025-02-28 08:34:31,326 - __main__ - WARNING - Error calculating Category B score for Mitilini: Found input variables with inconsistent numbers of samples: [2, 10]
2025-02-28 08:34:31,328 - __main__ - WARNING - Error calculating Category B score for Stuttgart: Found input variables with inconsistent numbers of samples: [2, 5]
2025-02-28 08:34:31,330 - __main__ - WARNING - Error calculating Category B score for Lisbon: Found input variables with inconsistent numbers of samples: [2, 9]
2025-02-28 08:34:31,332 - __main__ - WARNING - Error calculating Category B score for Port-au-Prince (Haiti): Found input variables with inconsistent numbers of samples: [5, 2]
2025-02-28 08:34:31,334 - __main__ - WARNING - Error calculating Category B score for Taichung: Found input variables with inconsistent numbers of samples: [5, 15]
2025-02-28 08:34:31,336 - __main__ - WARNING - Error calculating Category B score for Gibraltar: Found input variables with inconsistent numbers of samples: [2, 7]
2025-02-28 08:34:31,339 - __main__ - WARNING - Error calculating Category B score for Hanoi: Found input variables with inconsistent numbers of samples: [4, 11]
2025-02-28 08:34:31,341 - __main__ - WARNING - Error calculating Category B score for Bandaranaike: Found input variables with inconsistent numbers of samples: [3, 6]
2025-02-28 08:34:31,343 - __main__ - WARNING - Error calculating Category B score for Sevilla: Found input variables with inconsistent numbers of samples: [2, 18]
2025-02-28 08:34:31,345 - __main__ - WARNING - Error calculating Category B score for Split: Found input variables with inconsistent numbers of samples: [2, 1]
2025-02-28 08:34:31,347 - __main__ - WARNING - Error calculating Category B score for Grenoble: Found input variables with inconsistent numbers of samples: [3, 10]
2025-02-28 08:34:31,349 - __main__ - WARNING - Error calculating Category B score for London Gatwick: Found input variables with inconsistent numbers of samples: [2, 13]
2025-02-28 08:34:31,352 - __main__ - WARNING - Error calculating Category B score for RIYADH: Found input variables with inconsistent numbers of samples: [4, 25]
2025-02-28 08:34:31,354 - __main__ - WARNING - Error calculating Category B score for Ningbo Lishe: Found input variables with inconsistent numbers of samples: [4, 29]
2025-02-28 08:34:31,356 - __main__ - WARNING - Error calculating Category B score for Tokyo - Shinjuku: Found input variables with inconsistent numbers of samples: [4, 2]
2025-02-28 08:34:31,358 - __main__ - WARNING - Error calculating Category B score for Bourgas: Found input variables with inconsistent numbers of samples: [2, 16]
2025-02-28 08:34:31,360 - __main__ - WARNING - Error calculating Category B score for Strasbourg: Found input variables with inconsistent numbers of samples: [2, 3]
2025-02-28 08:34:31,366 - __main__ - WARNING - Error calculating Category B score for Kayseri Airport: Found input variables with inconsistent numbers of samples: [5, 23]
2025-02-28 08:34:31,368 - __main__ - WARNING - Error calculating Category B score for Stavanger: Found input variables with inconsistent numbers of samples: [4, 1]
2025-02-28 08:34:31,370 - __main__ - WARNING - Error calculating Category B score for Roland Garros: Found input variables with inconsistent numbers of samples: [3, 7]
2025-02-28 08:34:31,372 - __main__ - WARNING - Error calculating Category B score for Newcastle: Found input variables with inconsistent numbers of samples: [2, 12]
2025-02-28 08:34:31,374 - __main__ - WARNING - Error calculating Category B score for Hyderabad: Found input variables with inconsistent numbers of samples: [3, 6]
2025-02-28 08:34:31,377 - __main__ - WARNING - Error calculating Category B score for Chambery: Found input variables with inconsistent numbers of samples: [2, 10]
2025-02-28 08:34:31,379 - __main__ - WARNING - Error calculating Category B score for Sardar Vallabh Bhai Patel: Found input variables with inconsistent numbers of samples: [3, 6]
2025-02-28 08:34:31,381 - __main__ - WARNING - Error calculating Category B score for Nanjing Lukou: Found input variables with inconsistent numbers of samples: [4, 29]
2025-02-28 08:34:31,383 - __main__ - WARNING - Error calculating Category B score for Fukushima: Found input variables with inconsistent numbers of samples: [1, 2]
2025-02-28 08:34:31,385 - __main__ - WARNING - Error calculating Category B score for Oranjestad: Found input variables with inconsistent numbers of samples: [5, 21]
2025-02-28 08:34:31,387 - __main__ - WARNING - Error calculating Category B score for Southampton: Found input variables with inconsistent numbers of samples: [2, 13]
2025-02-28 08:34:31,393 - __main__ - WARNING - Error calculating Category B score for Taiyuan Wusu: Found input variables with inconsistent numbers of samples: [3, 29]
2025-02-28 08:34:31,395 - __main__ - WARNING - Error calculating Category B score for Palermo: Found input variables with inconsistent numbers of samples: [2, 8]
2025-02-28 08:34:31,398 - __main__ - WARNING - Error calculating Category B score for Cochin: Found input variables with inconsistent numbers of samples: [3, 6]
2025-02-28 08:34:31,400 - __main__ - WARNING - Error calculating Category B score for Malaga: Found input variables with inconsistent numbers of samples: [2, 19]
2025-02-28 08:34:31,402 - __main__ - WARNING - Error calculating Category B score for Graz: Found input variables with inconsistent numbers of samples: [2, 1]
2025-02-28 08:34:31,404 - __main__ - WARNING - Error calculating Category B score for Bilbao: Found input variables with inconsistent numbers of samples: [2, 11]
2025-02-28 08:34:31,406 - __main__ - WARNING - Error calculating Category B score for Sofia: Found input variables with inconsistent numbers of samples: [2, 21]
2025-02-28 08:34:31,412 - __main__ - WARNING - Error calculating Category B score for Aarhus: Found input variables with inconsistent numbers of samples: [3, 1]
2025-02-28 08:34:31,414 - __main__ - WARNING - Error calculating Category B score for Faroe Islands: Found input variables with inconsistent numbers of samples: [3, 1]
2025-02-28 08:34:31,416 - __main__ - WARNING - Error calculating Category B score for Kralendijk (Bonaire): Found input variables with inconsistent numbers of samples: [5, 2]
2025-02-28 08:34:31,418 - __main__ - WARNING - Error calculating Category B score for Shanghai Pudong: Found input variables with inconsistent numbers of samples: [4, 27]
2025-02-28 08:34:31,420 - __main__ - WARNING - Error calculating Category B score for Indira Gandhi: Found input variables with inconsistent numbers of samples: [3, 6]
2025-02-28 08:34:31,423 - __main__ - WARNING - Error calculating Category B score for Stockholm Arlanda: Found input variables with inconsistent numbers of samples: [1, 4]
2025-02-28 08:34:31,425 - __main__ - WARNING - Error calculating Category B score for Iwate: Found input variables with inconsistent numbers of samples: [1, 2]
2025-02-28 08:34:31,427 - __main__ - WARNING - Error calculating Category B score for Sochi: Found input variables with inconsistent numbers of samples: [3, 11]
2025-02-28 08:34:31,433 - __main__ - WARNING - Error calculating Category B score for Murcia: Found input variables with inconsistent numbers of samples: [2, 9]
2025-02-28 08:34:31,435 - __main__ - WARNING - Error calculating Category B score for Zurich: Found input variables with inconsistent numbers of samples: [4, 32]
2025-02-28 08:34:31,437 - __main__ - WARNING - Error calculating Category B score for Fuerteventura: Found input variables with inconsistent numbers of samples: [2, 18]
2025-02-28 08:34:31,439 - __main__ - WARNING - Error calculating Category B score for Jeddah: Found input variables with inconsistent numbers of samples: [4, 28]
2025-02-28 08:34:31,441 - __main__ - WARNING - Error calculating Category B score for Zia: Found input variables with inconsistent numbers of samples: [3, 2]
2025-02-28 08:34:31,444 - __main__ - WARNING - Error calculating Category B score for Praia: Found input variables with inconsistent numbers of samples: [5, 13]
2025-02-28 08:34:31,446 - __main__ - WARNING - Error calculating Category B score for Mexico City: Found input variables with inconsistent numbers of samples: [5, 16]
2025-02-28 08:34:31,448 - __main__ - WARNING - Error calculating Category B score for Doha: Found input variables with inconsistent numbers of samples: [6, 7]
2025-02-28 08:34:31,450 - __main__ - WARNING - Error calculating Category B score for Salvador: Found input variables with inconsistent numbers of samples: [4, 8]
2025-02-28 08:34:31,453 - __main__ - WARNING - Error calculating Category B score for Humberside: Found input variables with inconsistent numbers of samples: [2, 10]
2025-02-28 08:34:31,455 - __main__ - WARNING - Error calculating Category B score for Chubu: Found input variables with inconsistent numbers of samples: [4, 25]
2025-02-28 08:34:31,457 - __main__ - WARNING - Error calculating Category B score for Nantes: Found input variables with inconsistent numbers of samples: [3, 12]
2025-02-28 08:34:31,460 - __main__ - WARNING - Error calculating Category B score for Brisbane: Found input variables with inconsistent numbers of samples: [4, 3]
2025-02-28 08:34:31,462 - __main__ - WARNING - Error calculating Category B score for Miyazaki: Found input variables with inconsistent numbers of samples: [1, 2]
2025-02-28 08:34:31,464 - __main__ - WARNING - Error calculating Category B score for Bergen: Found input variables with inconsistent numbers of samples: [4, 1]
2025-02-28 08:34:31,467 - __main__ - WARNING - Error calculating Category B score for Lusaka: Found input variables with inconsistent numbers of samples: [4, 3]
2025-02-28 08:34:31,469 - __main__ - WARNING - Error calculating Category B score for Seoul (downtown): Found input variables with inconsistent numbers of samples: [7, 28]
2025-02-28 08:34:31,472 - __main__ - WARNING - Error calculating Category B score for Colombo: Found input variables with inconsistent numbers of samples: [3, 22]
2025-02-28 08:34:31,474 - __main__ - WARNING - Error calculating Category B score for Samana El Catey: Found input variables with inconsistent numbers of samples: [4, 8]
2025-02-28 08:34:31,476 - __main__ - WARNING - Error calculating Category B score for Everrich Downtown Kinmen: Found input variables with inconsistent numbers of samples: [5, 15]
2025-02-28 08:34:31,478 - __main__ - WARNING - Error calculating Category B score for Nanchang Changbei: Found input variables with inconsistent numbers of samples: [2, 29]
2025-02-28 08:34:31,481 - __main__ - WARNING - Error calculating Category B score for Niamey: Found input variables with inconsistent numbers of samples: [1, 3]
2025-02-28 08:34:31,483 - __main__ - WARNING - Error calculating Category B score for Thessaloniki: Found input variables with inconsistent numbers of samples: [2, 18]
2025-02-28 08:34:31,489 - __main__ - WARNING - Error calculating Category B score for Changsha Huanghua: Found input variables with inconsistent numbers of samples: [4, 29]
2025-02-28 08:34:31,492 - __main__ - WARNING - Error calculating Category B score for Ankara Airport: Found input variables with inconsistent numbers of samples: [5, 36]
2025-02-28 08:34:31,495 - __main__ - WARNING - Error calculating Category B score for Cukurova Airport: Found input variables with inconsistent numbers of samples: [5, 31]
2025-02-28 08:34:31,498 - __main__ - WARNING - Error calculating Category B score for Quito: Found input variables with inconsistent numbers of samples: [5, 9]
2025-02-28 08:34:31,500 - __main__ - WARNING - Error calculating Category B score for Salzburg: Found input variables with inconsistent numbers of samples: [2, 1]
2025-02-28 08:34:31,503 - __main__ - WARNING - Error calculating Category B score for Espargos: Found input variables with inconsistent numbers of samples: [5, 21]
2025-02-28 08:34:31,505 - __main__ - WARNING - Error calculating Category B score for Nis: Found input variables with inconsistent numbers of samples: [2, 11]
2025-02-28 08:34:31,507 - __main__ - WARNING - Error calculating Category B score for Erbil International Airport: Found input variables with inconsistent numbers of samples: [4, 1]
2025-02-28 08:34:31,510 - __main__ - WARNING - Error calculating Category B score for Ciampino Airport: Found input variables with inconsistent numbers of samples: [2, 8]
2025-02-28 08:34:31,512 - __main__ - WARNING - Error calculating Category B score for Cartagena de Indias: Found input variables with inconsistent numbers of samples: [5, 2]
2025-02-28 08:34:31,514 - __main__ - WARNING - Error calculating Category B score for Leeds Bradford: Found input variables with inconsistent numbers of samples: [2, 11]
2025-02-28 08:34:31,516 - __main__ - WARNING - Error calculating Category B score for Gdansk: Found input variables with inconsistent numbers of samples: [2, 11]
2025-02-28 08:34:31,519 - __main__ - WARNING - Error calculating Category B score for Cayenne: Found input variables with inconsistent numbers of samples: [3, 7]
2025-02-28 08:34:31,521 - __main__ - WARNING - Error calculating Category B score for Vigo: Found input variables with inconsistent numbers of samples: [2, 7]
2025-02-28 08:34:31,523 - __main__ - WARNING - Error calculating Category B score for Banja Luka: Found input variables with inconsistent numbers of samples: [3, 11]
2025-02-28 08:34:31,525 - __main__ - WARNING - Error calculating Category B score for Chania: Found input variables with inconsistent numbers of samples: [3, 17]
2025-02-28 08:34:31,527 - __main__ - WARNING - Error calculating Category B score for Bournemouth: Found input variables with inconsistent numbers of samples: [2, 12]
2025-02-28 08:34:31,529 - __main__ - WARNING - Error calculating Category B score for Macau: Found input variables with inconsistent numbers of samples: [4, 16]
2025-02-28 08:34:31,531 - __main__ - WARNING - Error calculating Category B score for Manas: Found input variables with inconsistent numbers of samples: [2, 21]
2025-02-28 08:34:31,534 - __main__ - WARNING - Error calculating Category B score for Antigua: Found input variables with inconsistent numbers of samples: [3, 2]
2025-02-28 08:34:31,536 - __main__ - WARNING - Error calculating Category B score for Reus: Found input variables with inconsistent numbers of samples: [2, 12]
2025-02-28 08:34:31,538 - __main__ - WARNING - Error calculating Category B score for Almeria: Found input variables with inconsistent numbers of samples: [2, 11]
2025-02-28 08:34:31,540 - __main__ - WARNING - Error calculating Category B score for Faro Airport: Found input variables with inconsistent numbers of samples: [2, 9]
2025-02-28 08:34:31,546 - __main__ - WARNING - Error calculating Category B score for Mangalore: Found input variables with inconsistent numbers of samples: [3, 6]
2025-02-28 08:34:31,548 - __main__ - WARNING - Error calculating Category B score for Bridgetown: Found input variables with inconsistent numbers of samples: [5, 2]
2025-02-28 08:34:31,550 - __main__ - WARNING - Error calculating Category B score for Basel: Found input variables with inconsistent numbers of samples: [4, 23]
2025-02-28 08:34:31,553 - __main__ - WARNING - Error calculating Category B score for Vilnius: Found input variables with inconsistent numbers of samples: [2, 1]
2025-02-28 08:34:31,555 - __main__ - WARNING - Error calculating Category B score for Gaziantep Airport: Found input variables with inconsistent numbers of samples: [6, 33]
2025-02-28 08:34:31,557 - __main__ - WARNING - Error calculating Category B score for Tunis: Found input variables with inconsistent numbers of samples: [4, 31]
2025-02-28 08:34:31,559 - __main__ - WARNING - Error calculating Category B score for Cologne: Found input variables with inconsistent numbers of samples: [2, 7]
2025-02-28 08:34:31,561 - __main__ - WARNING - Error calculating Category B score for Jomo Kenyatta: Found input variables with inconsistent numbers of samples: [5, 22]
2025-02-28 08:34:31,563 - __main__ - WARNING - Error calculating Category B score for Samos: Found input variables with inconsistent numbers of samples: [2, 8]
2025-02-28 08:34:31,565 - __main__ - WARNING - Error calculating Category B score for Antalya Gazipasa Airport: Found input variables with inconsistent numbers of samples: [4, 25]
2025-02-28 08:34:31,568 - __main__ - WARNING - Error calculating Category B score for Montego Bay: Found input variables with inconsistent numbers of samples: [5, 24]
2025-02-28 08:34:31,570 - __main__ - WARNING - Error calculating Category B score for London Heathrow: Found input variables with inconsistent numbers of samples: [2, 13]
2025-02-28 08:34:31,572 - __main__ - WARNING - Error calculating Category B score for Puerto Plata: Found input variables with inconsistent numbers of samples: [5, 11]
2025-02-28 08:34:31,574 - __main__ - WARNING - Error calculating Category B score for Shanghai Hongqiao: Found input variables with inconsistent numbers of samples: [4, 27]
2025-02-28 08:34:31,576 - __main__ - WARNING - Error calculating Category B score for Jerez De La Frontera: Found input variables with inconsistent numbers of samples: [2, 10]
2025-02-28 08:34:31,578 - __main__ - WARNING - Error calculating Category B score for Sanya Fenghuang: Found input variables with inconsistent numbers of samples: [2, 29]
2025-02-28 08:34:31,584 - __main__ - WARNING - Error calculating Category B score for Johor Bahru: Found input variables with inconsistent numbers of samples: [5, 9]
2025-02-28 08:34:31,586 - __main__ - WARNING - Error calculating Category B score for Penang: Found input variables with inconsistent numbers of samples: [4, 5]
2025-02-28 08:34:31,589 - __main__ - WARNING - Error calculating Category B score for Ulaanbaatar: Found input variables with inconsistent numbers of samples: [1, 22]
2025-02-28 08:34:31,591 - __main__ - WARNING - Error calculating Category B score for Oslo: Found input variables with inconsistent numbers of samples: [4, 1]
2025-02-28 08:34:31,593 - __main__ - WARNING - Error calculating Category B score for Tangier: Found input variables with inconsistent numbers of samples: [5, 30]
2025-02-28 08:34:31,599 - __main__ - WARNING - Error calculating Category B score for Hohhot Baita: Found input variables with inconsistent numbers of samples: [3, 29]
2025-02-28 08:34:31,601 - __main__ - WARNING - Error calculating Category B score for Aktio: Found input variables with inconsistent numbers of samples: [2, 15]
2025-02-28 08:34:31,603 - __main__ - WARNING - Error calculating Category B score for Amritsar: Found input variables with inconsistent numbers of samples: [3, 6]
2025-02-28 08:34:31,605 - __main__ - WARNING - Error calculating Category B score for Monastir: Found input variables with inconsistent numbers of samples: [5, 30]
2025-02-28 08:34:31,607 - __main__ - WARNING - Error calculating Category B score for Asturias: Found input variables with inconsistent numbers of samples: [2, 6]
2025-02-28 08:34:31,609 - __main__ - WARNING - Error calculating Category B score for Glasgow: Found input variables with inconsistent numbers of samples: [2, 13]
2025-02-28 08:34:31,612 - __main__ - WARNING - Error calculating Category B score for Ngurah Rai: Found input variables with inconsistent numbers of samples: [3, 39]
2025-02-28 08:34:31,614 - __main__ - WARNING - Error calculating Category B score for Cancun: Found input variables with inconsistent numbers of samples: [5, 19]
2025-02-28 08:34:31,616 - __main__ - WARNING - Error calculating Category B score for Sfax: Found input variables with inconsistent numbers of samples: [3, 13]
2025-02-28 08:34:31,618 - __main__ - WARNING - Error calculating Category B score for Perth: Found input variables with inconsistent numbers of samples: [4, 11]
2025-02-28 08:34:31,624 - __main__ - WARNING - Error calculating Category B score for Tokyo - Narita: Found input variables with inconsistent numbers of samples: [4, 21]
2025-02-28 08:34:31,626 - __main__ - WARNING - Error calculating Category B score for Salalah: Found input variables with inconsistent numbers of samples: [6, 5]
2025-02-28 08:34:31,628 - __main__ - WARNING - Error calculating Category B score for Kota Kinabalu: Found input variables with inconsistent numbers of samples: [4, 8]
2025-02-28 08:34:31,630 - __main__ - WARNING - Error calculating Category B score for Nairobi: Found input variables with inconsistent numbers of samples: [2, 4]
2025-02-28 08:34:31,632 - __main__ - WARNING - Error calculating Category B score for Male: Found input variables with inconsistent numbers of samples: [3, 6]
2025-02-28 08:34:31,634 - __main__ - WARNING - Error calculating Category B score for Durban: Found input variables with inconsistent numbers of samples: [4, 6]
2025-02-28 08:34:31,636 - __main__ - WARNING - Error calculating Category B score for Santiago Arturo Merino Benitez: Found input variables with inconsistent numbers of samples: [4, 8]
2025-02-28 08:34:31,639 - __main__ - WARNING - Error calculating Category B score for Brasilia: Found input variables with inconsistent numbers of samples: [6, 13]
2025-02-28 08:34:31,641 - __main__ - WARNING - Error calculating Category B score for Takamatsu: Found input variables with inconsistent numbers of samples: [4, 2]
2025-02-28 08:34:31,643 - __main__ - WARNING - Error calculating Category B score for London Stansted: Found input variables with inconsistent numbers of samples: [2, 13]
2025-02-28 08:34:31,645 - __main__ - WARNING - Error calculating Category B score for Marrakech: Found input variables with inconsistent numbers of samples: [5, 34]
2025-02-28 08:34:31,647 - __main__ - WARNING - Error calculating Category B score for Yanji Zhaoyangchuan: Found input variables with inconsistent numbers of samples: [2, 29]
2025-02-28 08:34:31,649 - __main__ - WARNING - Error calculating Category B score for Krasnoyarsk: Found input variables with inconsistent numbers of samples: [3, 9]
2025-02-28 08:34:31,651 - __main__ - WARNING - Error calculating Category B score for Windhoek: Found input variables with inconsistent numbers of samples: [4, 3]
2025-02-28 08:34:31,654 - __main__ - WARNING - Error calculating Category B score for Munich: Found input variables with inconsistent numbers of samples: [2, 10]
2025-02-28 08:34:31,656 - __main__ - WARNING - Error calculating Category B score for Hamburg: Found input variables with inconsistent numbers of samples: [2, 1]
2025-02-28 08:34:31,658 - __main__ - WARNING - Error calculating Category B score for Manama: Found input variables with inconsistent numbers of samples: [5, 28]
2025-02-28 08:34:31,660 - __main__ - WARNING - Error calculating Category B score for Antalya Airport: Found input variables with inconsistent numbers of samples: [5, 44]
2025-02-28 08:34:31,666 - __main__ - WARNING - Error calculating Category B score for Brussels: Found input variables with inconsistent numbers of samples: [1, 7]
2025-02-28 08:34:31,668 - __main__ - WARNING - Error calculating Category B score for Recife: Found input variables with inconsistent numbers of samples: [5, 13]
2025-02-28 08:34:31,670 - __main__ - WARNING - Error calculating Category B score for Tashkent: Found input variables with inconsistent numbers of samples: [1, 10]
2025-02-28 08:34:31,672 - __main__ - WARNING - Error calculating Category B score for Addis Ababa: Found input variables with inconsistent numbers of samples: [5, 33]
2025-02-28 08:34:31,675 - __main__ - WARNING - Error calculating Category B score for Bremen: Found input variables with inconsistent numbers of samples: [2, 6]
2025-02-28 08:34:31,677 - __main__ - WARNING - Error calculating Category B score for Managua: Found input variables with inconsistent numbers of samples: [5, 9]
2025-02-28 08:34:31,680 - __main__ - WARNING - Error calculating Category B score for Fukuoka: Found input variables with inconsistent numbers of samples: [4, 20]
2025-02-28 08:34:31,683 - __main__ - WARNING - Error calculating Category B score for Wuxi Shuofang: Found input variables with inconsistent numbers of samples: [3, 29]
2025-02-28 08:34:31,685 - __main__ - WARNING - Error calculating Category B score for Vientiane: Found input variables with inconsistent numbers of samples: [4, 13]
2025-02-28 08:34:31,688 - __main__ - WARNING - Error calculating Category B score for Corfu: Found input variables with inconsistent numbers of samples: [4, 17]
2025-02-28 08:34:31,690 - __main__ - WARNING - Error calculating Category B score for Cape Town: Found input variables with inconsistent numbers of samples: [4, 7]
2025-02-28 08:34:31,693 - __main__ - WARNING - Error calculating Category B score for Bristol: Found input variables with inconsistent numbers of samples: [2, 13]
2025-02-28 08:34:31,696 - __main__ - WARNING - Error calculating Category B score for Beauvais: Found input variables with inconsistent numbers of samples: [2, 7]
2025-02-28 08:34:31,703 - __main__ - WARNING - Error calculating Category B score for Bordeaux: Found input variables with inconsistent numbers of samples: [3, 10]
2025-02-28 08:34:31,705 - __main__ - WARNING - Error calculating Category B score for Moscow - Sheremetyevo: Found input variables with inconsistent numbers of samples: [4, 14]
2025-02-28 08:34:31,707 - __main__ - WARNING - Error calculating Category B score for Oujda: Found input variables with inconsistent numbers of samples: [5, 23]
2025-02-28 08:34:31,710 - __main__ - WARNING - Error calculating Category B score for Nador: Found input variables with inconsistent numbers of samples: [5, 15]
2025-02-28 08:34:31,712 - __main__ - WARNING - Error calculating Category B score for Jeju: Found input variables with inconsistent numbers of samples: [7, 30]
2025-02-28 08:34:31,714 - __main__ - WARNING - Error calculating Category B score for Bamako: Found input variables with inconsistent numbers of samples: [2, 1]
2025-02-28 08:34:31,720 - __main__ - WARNING - Error calculating Category B score for Istanbul Asia Airport: Found input variables with inconsistent numbers of samples: [5, 44]
2025-02-28 08:34:31,722 - __main__ - WARNING - Error calculating Category B score for Santiago De Compostela: Found input variables with inconsistent numbers of samples: [2, 11]
2025-02-28 08:34:31,725 - __main__ - WARNING - Error calculating Category B score for Rabil: Found input variables with inconsistent numbers of samples: [5, 13]
2025-02-28 08:34:31,728 - __main__ - WARNING - Error calculating Category B score for Hefei Xinqiao: Found input variables with inconsistent numbers of samples: [4, 29]
2025-02-28 08:34:31,730 - __main__ - WARNING - Error calculating Category B score for Monterrey: Found input variables with inconsistent numbers of samples: [6, 12]
2025-02-28 08:34:31,733 - __main__ - WARNING - Error calculating Category B score for London Luton: Found input variables with inconsistent numbers of samples: [1, 11]
2025-02-28 08:34:31,735 - __main__ - WARNING - Error calculating Category B score for Panama Tocumen: Found input variables with inconsistent numbers of samples: [5, 11]
2025-02-28 08:34:31,738 - __main__ - WARNING - Error calculating Category B score for Kaohsiung: Found input variables with inconsistent numbers of samples: [5, 15]
2025-02-28 08:34:31,741 - __main__ - WARNING - Error calculating Category B score for Aberdeen: Found input variables with inconsistent numbers of samples: [2, 12]
2025-02-28 08:34:31,743 - __main__ - WARNING - Error calculating Category B score for Ixtapa Zihuatanejo: Found input variables with inconsistent numbers of samples: [4, 10]
2025-02-28 08:34:31,745 - __main__ - WARNING - Error calculating Category B score for Ras El Khaymah: Found input variables with inconsistent numbers of samples: [4, 5]
2025-02-28 08:34:31,751 - __main__ - WARNING - Error calculating Category B score for Billund: Found input variables with inconsistent numbers of samples: [3, 1]
2025-02-28 08:34:31,753 - __main__ - WARNING - Error calculating Category B score for Sharjah: Found input variables with inconsistent numbers of samples: [5, 35]
2025-02-28 08:34:31,756 - __main__ - WARNING - Error calculating Category B score for Chitose: Found input variables with inconsistent numbers of samples: [4, 2]
2025-02-28 08:34:31,758 - __main__ - WARNING - Error calculating Category B score for Bangalore: Found input variables with inconsistent numbers of samples: [3, 24]
2025-02-28 08:34:31,760 - __main__ - WARNING - Error calculating Category B score for Bologna: Found input variables with inconsistent numbers of samples: [2, 1]
2025-02-28 08:34:31,762 - __main__ - WARNING - Error calculating Category B score for Tirana: Found input variables with inconsistent numbers of samples: [2, 30]
2025-02-28 08:34:31,764 - __main__ - WARNING - Error calculating Category B score for Yantai Penglai: Found input variables with inconsistent numbers of samples: [4, 29]
2025-02-28 08:34:31,766 - __main__ - WARNING - Error calculating Category B score for Cork: Found input variables with inconsistent numbers of samples: [2, 6]
2025-02-28 08:34:31,773 - __main__ - WARNING - Error calculating Category B score for Cheongju: Found input variables with inconsistent numbers of samples: [6, 24]
2025-02-28 08:34:31,775 - __main__ - WARNING - Error calculating Category B score for Kingston: Found input variables with inconsistent numbers of samples: [5, 3]
2025-02-28 08:34:31,777 - __main__ - WARNING - Error calculating Category B score for Prague: Found input variables with inconsistent numbers of samples: [2, 5]
2025-02-28 08:34:31,779 - __main__ - WARNING - Error calculating Category B score for Szczecin: Found input variables with inconsistent numbers of samples: [2, 8]
2025-02-28 08:34:31,781 - __main__ - WARNING - Error calculating Category B score for Paramaribo: Found input variables with inconsistent numbers of samples: [5, 2]
2025-02-28 08:34:31,784 - __main__ - WARNING - Error calculating Category B score for Accra: Found input variables with inconsistent numbers of samples: [5, 17]
2025-02-28 08:34:31,786 - __main__ - WARNING - Error calculating Category B score for Natal: Found input variables with inconsistent numbers of samples: [6, 9]
2025-02-28 08:34:31,788 - __main__ - WARNING - Error calculating Category B score for Lanzarote: Found input variables with inconsistent numbers of samples: [2, 18]
2025-02-28 08:34:31,790 - __main__ - WARNING - Error calculating Category B score for Tenerife: Found input variables with inconsistent numbers of samples: [2, 18]
2025-02-28 08:34:31,793 - __main__ - WARNING - Error calculating Category B score for Santander: Found input variables with inconsistent numbers of samples: [2, 6]
2025-02-28 08:34:31,795 - __main__ - WARNING - Error calculating Category B score for PRISTINA: Found input variables with inconsistent numbers of samples: [2, 1]
2025-02-28 08:34:31,797 - __main__ - WARNING - Error calculating Category B score for San Salvador Comalapa: Found input variables with inconsistent numbers of samples: [5, 10]
2025-02-28 08:34:31,799 - __main__ - WARNING - Error calculating Category B score for Shannon: Found input variables with inconsistent numbers of samples: [2, 3]
2025-02-28 08:34:31,801 - __main__ - WARNING - Error calculating Category B score for Liverpool: Found input variables with inconsistent numbers of samples: [2, 12]
2025-02-28 08:34:31,803 - __main__ - WARNING - Error calculating Category B score for Anna: Found input variables with inconsistent numbers of samples: [3, 6]
2025-02-28 08:34:31,805 - __main__ - WARNING - Error calculating Category B score for Trondheim: Found input variables with inconsistent numbers of samples: [4, 1]
2025-02-28 08:34:31,807 - __main__ - WARNING - Error calculating Category B score for Qingdao Liuting: Found input variables with inconsistent numbers of samples: [4, 29]
2025-02-28 08:34:31,810 - __main__ - WARNING - Error calculating Category B score for Cam Ranh: Found input variables with inconsistent numbers of samples: [4, 5]
2025-02-28 08:34:31,815 - __main__ - WARNING - Error calculating Category B score for Guatemala City: Found input variables with inconsistent numbers of samples: [5, 8]
2025-02-28 08:34:31,818 - __main__ - WARNING - Error calculating Category B score for Yangyang: Found input variables with inconsistent numbers of samples: [4, 16]
2025-02-28 08:34:31,820 - __main__ - WARNING - Error calculating Category B score for East Midlands: Found input variables with inconsistent numbers of samples: [2, 13]
2025-02-28 08:34:31,825 - __main__ - WARNING - Error calculating Category B score for Fuzhou Changle: Found input variables with inconsistent numbers of samples: [3, 29]
2025-02-28 08:34:31,827 - __main__ - WARNING - Error calculating Category B score for Astrakhan: Found input variables with inconsistent numbers of samples: [4, 5]
2025-02-28 08:34:31,830 - __main__ - WARNING - Error calculating Category B score for Paris Charles De Gaulle: Found input variables with inconsistent numbers of samples: [3, 15]
2025-02-28 08:34:31,832 - __main__ - WARNING - Error calculating Category B score for Xiamen Gaoqi: Found input variables with inconsistent numbers of samples: [4, 29]
2025-02-28 08:34:31,837 - __main__ - WARNING - Error calculating Category B score for St. George's Point Saline: Found input variables with inconsistent numbers of samples: [5, 12]
2025-02-28 08:34:31,840 - __main__ - WARNING - Error calculating Category B score for Urumchi Diwobao: Found input variables with inconsistent numbers of samples: [4, 29]
2025-02-28 08:34:31,842 - __main__ - WARNING - Error calculating Category B score for Barcelona: Found input variables with inconsistent numbers of samples: [2, 19]
2025-02-28 08:34:31,844 - __main__ - WARNING - Error calculating Category B score for Geneva: Found input variables with inconsistent numbers of samples: [4, 27]
2025-02-28 08:34:31,846 - __main__ - WARNING - Error calculating Category B score for Kaunas: Found input variables with inconsistent numbers of samples: [2, 1]
2025-02-28 08:34:31,848 - __main__ - WARNING - Error calculating Category B score for Harbin Taiping: Found input variables with inconsistent numbers of samples: [2, 29]
2025-02-28 08:34:31,850 - __main__ - WARNING - Error calculating Category B score for Torino: Found input variables with inconsistent numbers of samples: [2, 1]
2025-02-28 08:34:31,852 - __main__ - WARNING - Error calculating Category B score for Makhachkala: Found input variables with inconsistent numbers of samples: [1, 3]
2025-02-28 08:34:31,855 - __main__ - WARNING - Error calculating Category B score for Kos: Found input variables with inconsistent numbers of samples: [2, 15]
2025-02-28 08:34:31,857 - __main__ - WARNING - Error calculating Category B score for Oita: Found input variables with inconsistent numbers of samples: [2, 1]
2025-02-28 08:34:31,859 - __main__ - WARNING - Error calculating Category B score for Fort-de-France: Found input variables with inconsistent numbers of samples: [3, 7]
2025-02-28 08:34:31,861 - __main__ - WARNING - Error calculating Category B score for Heraklion Airport: Found input variables with inconsistent numbers of samples: [3, 17]
2025-02-28 08:34:31,863 - __main__ - WARNING - Error calculating Category B score for Daegu: Found input variables with inconsistent numbers of samples: [7, 27]
2025-02-28 08:34:31,865 - __main__ - WARNING - Error calculating Category B score for Zhengzhou Xinzheng: Found input variables with inconsistent numbers of samples: [4, 29]
2025-02-28 08:34:31,867 - __main__ - WARNING - Error calculating Category B score for Fes: Found input variables with inconsistent numbers of samples: [5, 25]
2025-02-28 08:34:31,870 - __main__ - WARNING - Error calculating Category B score for Goa: Found input variables with inconsistent numbers of samples: [3, 6]
2025-02-28 08:34:31,872 - __main__ - WARNING - Error calculating Category B score for Basseterre (Saint Kitts): Found input variables with inconsistent numbers of samples: [5, 14]
2025-02-28 08:34:31,874 - __main__ - WARNING - Error calculating Category B score for La Palma: Found input variables with inconsistent numbers of samples: [2, 16]
2025-02-28 08:34:31,876 - __main__ - WARNING - Error calculating Category B score for Rzeszow: Found input variables with inconsistent numbers of samples: [2, 3]
2025-02-28 08:34:31,878 - __main__ - WARNING - Error calculating Category B score for Birmingham: Found input variables with inconsistent numbers of samples: [2, 13]
2025-02-28 08:34:31,880 - __main__ - WARNING - Error calculating Category B score for Jersey: Found input variables with inconsistent numbers of samples: [2, 4]
2025-02-28 08:34:31,882 - __main__ - WARNING - Error calculating Category B score for Enfidha: Found input variables with inconsistent numbers of samples: [5, 22]
2025-02-28 08:34:31,885 - __main__ - WARNING - Error calculating Category B score for Almaty: Found input variables with inconsistent numbers of samples: [1, 5]
2025-02-28 08:34:31,887 - __main__ - WARNING - Error calculating Category B score for Ohrid: Found input variables with inconsistent numbers of samples: [2, 1]
2025-02-28 08:34:31,889 - __main__ - WARNING - Error calculating Category B score for Mykonos: Found input variables with inconsistent numbers of samples: [2, 14]
2025-02-28 08:34:31,891 - __main__ - WARNING - Error calculating Category B score for A Coruna: Found input variables with inconsistent numbers of samples: [2, 5]
2025-02-28 08:34:31,893 - __main__ - WARNING - Error calculating Category B score for Venice: Found input variables with inconsistent numbers of samples: [2, 12]
2025-02-28 08:34:31,899 - __main__ - WARNING - Error calculating Category B score for Orebro: Found input variables with inconsistent numbers of samples: [1, 2]
2025-02-28 08:34:31,901 - __main__ - WARNING - Error calculating Category B score for Skopje: Found input variables with inconsistent numbers of samples: [2, 1]
2025-02-28 08:34:31,903 - __main__ - WARNING - Error calculating Category B score for Jinan Xiaoqiang: Found input variables with inconsistent numbers of samples: [4, 29]
2025-02-28 08:34:31,905 - __main__ - WARNING - Error calculating Category B score for Danang: Found input variables with inconsistent numbers of samples: [4, 5]
2025-02-28 08:34:31,907 - __main__ - WARNING - Error calculating Category B score for Jeju (downtown): Found input variables with inconsistent numbers of samples: [7, 31]
2025-02-28 08:34:31,910 - __main__ - WARNING - Error calculating Category B score for La Paz Manuel Marquez de Leon: Found input variables with inconsistent numbers of samples: [5, 2]
2025-02-28 08:34:31,912 - __main__ - WARNING - Error calculating Category B score for Muan: Found input variables with inconsistent numbers of samples: [7, 17]
2025-02-28 08:34:31,914 - __main__ - WARNING - Error calculating Category B score for Karipur: Found input variables with inconsistent numbers of samples: [3, 6]
2025-02-28 08:34:31,916 - __main__ - WARNING - Error calculating Category B score for Yerevan: Found input variables with inconsistent numbers of samples: [1, 21]
2025-02-28 08:34:31,918 - __main__ - WARNING - Error calculating Category B score for Paris Orly: Found input variables with inconsistent numbers of samples: [3, 12]
2025-02-28 08:34:31,920 - __main__ - WARNING - Error calculating Category B score for Pointe-a-Pitre: Found input variables with inconsistent numbers of samples: [3, 7]
2025-02-28 08:34:31,922 - __main__ - WARNING - Error calculating Category B score for Chongqing Jiangbei: Found input variables with inconsistent numbers of samples: [4, 29]
2025-02-28 08:34:31,925 - __main__ - WARNING - Error calculating Category B score for Malmo: Found input variables with inconsistent numbers of samples: [1, 3]
2025-02-28 08:34:31,927 - __main__ - WARNING - Error calculating Category B score for Belize City: Found input variables with inconsistent numbers of samples: [5, 2]
2025-02-28 08:34:31,929 - __main__ - WARNING - Error calculating Category B score for Guangzhou Baiyun: Found input variables with inconsistent numbers of samples: [4, 29]
2025-02-28 08:34:31,931 - __main__ - WARNING - Error calculating Category B score for Kilimanjaro: Found input variables with inconsistent numbers of samples: [2, 10]
2025-02-28 08:34:31,933 - __main__ - WARNING - Error calculating Category B score for Istanbul Airport: Found input variables with inconsistent numbers of samples: [4, 9]
2025-02-28 08:34:31,935 - __main__ - WARNING - Error calculating Category B score for Soekarno Hatta: Found input variables with inconsistent numbers of samples: [3, 21]
2025-02-28 08:34:31,937 - __main__ - WARNING - Error calculating Category B score for Weihai Dashuibo: Found input variables with inconsistent numbers of samples: [4, 30]
2025-02-28 08:34:31,940 - __main__ - WARNING - Error calculating Category B score for Cardiff: Found input variables with inconsistent numbers of samples: [2, 12]
2025-02-28 08:34:31,942 - __main__ - WARNING - Error calculating Category B score for Guernsey: Found input variables with inconsistent numbers of samples: [1, 4]
2025-02-28 08:34:31,948 - __main__ - WARNING - Error calculating Category B score for Batumi: Found input variables with inconsistent numbers of samples: [2, 1]
2025-02-28 08:34:31,950 - __main__ - WARNING - Error calculating Category B score for Naples: Found input variables with inconsistent numbers of samples: [2, 12]
2025-02-28 08:34:31,955 - __main__ - WARNING - Error calculating Category B score for Florianopolis: Found input variables with inconsistent numbers of samples: [5, 11]
2025-02-28 08:34:31,958 - __main__ - WARNING - Error calculating Category B score for Denizli Cardak Airport: Found input variables with inconsistent numbers of samples: [5, 31]
2025-02-28 08:34:31,960 - __main__ - WARNING - Error calculating Category B score for Valencia: Found input variables with inconsistent numbers of samples: [2, 18]
2025-02-28 08:34:31,962 - __main__ - WARNING - Error calculating Category B score for Athens: Found input variables with inconsistent numbers of samples: [4, 19]
2025-02-28 08:34:31,964 - __main__ - WARNING - Error calculating Category B score for Nanning Wuxu: Found input variables with inconsistent numbers of samples: [4, 30]
2025-02-28 08:34:31,966 - __main__ - WARNING - Error calculating Category B score for Lima: Found input variables with inconsistent numbers of samples: [5, 19]
2025-02-28 08:34:31,968 - __main__ - WARNING - Error calculating Category B score for Aqaba: Found input variables with inconsistent numbers of samples: [4, 17]
2025-02-28 08:34:31,970 - __main__ - WARNING - Error calculating Category B score for Volgograd: Found input variables with inconsistent numbers of samples: [2, 7]
2025-02-28 08:34:31,972 - __main__ - WARNING - Error calculating Category B score for Singapore - Changi: Found input variables with inconsistent numbers of samples: [4, 1]
2025-02-28 08:34:31,975 - __main__ - WARNING - Error calculating Category B score for Nice: Found input variables with inconsistent numbers of samples: [3, 16]
2025-02-28 08:34:31,977 - __main__ - WARNING - Error calculating Category B score for Hong Kong: Found input variables with inconsistent numbers of samples: [4, 21]
2025-02-28 08:34:31,979 - __main__ - WARNING - Error calculating Category B score for Edinburgh: Found input variables with inconsistent numbers of samples: [2, 13]
2025-02-28 08:34:31,981 - __main__ - WARNING - Error calculating Category B score for Basrah: Found input variables with inconsistent numbers of samples: [3, 1]
2025-02-28 08:34:31,983 - __main__ - WARNING - Error calculating Category B score for Chattrapati Shivaji: Found input variables with inconsistent numbers of samples: [3, 6]
2025-02-28 08:34:31,985 - __main__ - WARNING - Error calculating Category B score for Milan - Malpensa: Found input variables with inconsistent numbers of samples: [2, 17]
2025-02-28 08:34:31,995 - __main__ - WARNING - Error calculating Category B score for Essaouira: Found input variables with inconsistent numbers of samples: [5, 19]
2025-02-28 08:34:31,997 - __main__ - WARNING - Error calculating Category B score for Hangzhou Xiaoshan: Found input variables with inconsistent numbers of samples: [4, 29]
2025-02-28 08:34:31,999 - __main__ - WARNING - Error calculating Category B score for Diyarbakir Airport: Found input variables with inconsistent numbers of samples: [6, 40]
2025-02-28 08:34:32,001 - __main__ - WARNING - Error calculating Category B score for Beirut - Rafik Hariri: Found input variables with inconsistent numbers of samples: [5, 4]
2025-02-28 08:34:32,003 - __main__ - WARNING - Error calculating Category B score for Nouakchott: Found input variables with inconsistent numbers of samples: [1, 10]
2025-02-28 08:34:32,005 - __main__ - WARNING - Error calculating Category B score for Alexandoupolis: Found input variables with inconsistent numbers of samples: [2, 16]
2025-02-28 08:34:32,007 - __main__ - WARNING - Error calculating Category B score for Sandefjord-Torp: Found input variables with inconsistent numbers of samples: [3, 1]
2025-02-28 08:34:32,010 - __main__ - WARNING - Error calculating Category B score for Aalborg: Found input variables with inconsistent numbers of samples: [2, 1]
2025-02-28 08:34:32,015 - __main__ - WARNING - Error calculating Category B score for Treviso: Found input variables with inconsistent numbers of samples: [2, 6]
2025-02-28 08:34:32,017 - __main__ - WARNING - Error calculating Category B score for Gran Canaria: Found input variables with inconsistent numbers of samples: [2, 18]
2025-02-28 08:34:32,020 - __main__ - WARNING - Error calculating Category B score for Medina: Found input variables with inconsistent numbers of samples: [3, 23]
2025-02-28 08:34:32,022 - __main__ - WARNING - Error calculating Category B score for Frankfurt: Found input variables with inconsistent numbers of samples: [2, 1]
2025-02-28 08:34:32,027 - __main__ - WARNING - Error calculating Category B score for Min Vody: Found input variables with inconsistent numbers of samples: [3, 11]
2025-02-28 08:34:32,030 - __main__ - WARNING - Error calculating Category B score for Varna: Found input variables with inconsistent numbers of samples: [2, 16]
2025-02-28 08:34:32,032 - __main__ - WARNING - Error calculating Category B score for Wuhan Tianhe: Found input variables with inconsistent numbers of samples: [4, 29]
2025-02-28 08:34:32,034 - __main__ - WARNING - Error calculating Category B score for Lublin: Found input variables with inconsistent numbers of samples: [2, 3]
2025-02-28 08:34:32,036 - __main__ - WARNING - Error calculating Category B score for Porto: Found input variables with inconsistent numbers of samples: [2, 9]
2025-02-28 08:34:32,038 - __main__ - WARNING - Error calculating Category B score for Wenzhou Longwan: Found input variables with inconsistent numbers of samples: [4, 29]
2025-02-28 08:34:32,040 - __main__ - WARNING - Error calculating Category B score for Queenstown: Found input variables with inconsistent numbers of samples: [1, 3]
2025-02-28 08:34:32,042 - __main__ - WARNING - Error calculating Category B score for Belo Horizonte: Found input variables with inconsistent numbers of samples: [6, 12]
2025-02-28 08:34:32,045 - __main__ - WARNING - Error calculating Category B score for Kunming Wujiaba: Found input variables with inconsistent numbers of samples: [4, 29]
2025-02-28 08:34:32,047 - __main__ - WARNING - Error calculating Category B score for Taipei - Taoyuan: Found input variables with inconsistent numbers of samples: [5, 15]
2025-02-28 08:34:32,049 - __main__ - WARNING - Error calculating Category B score for Guayaquil: Found input variables with inconsistent numbers of samples: [4, 5]
2025-02-28 08:34:32,051 - __main__ - WARNING - Error calculating Category B score for Radom: Found input variables with inconsistent numbers of samples: [2, 3]
2025-02-28 08:34:32,053 - __main__ - WARNING - Error calculating Category B score for Seoul: Found input variables with inconsistent numbers of samples: [7, 31]
2025-02-28 08:34:32,055 - __main__ - WARNING - Error calculating Category B score for Lagos: Found input variables with inconsistent numbers of samples: [3, 16]
2025-02-28 08:34:32,057 - __main__ - WARNING - Error calculating Category B score for Jerba: Found input variables with inconsistent numbers of samples: [4, 29]
2025-02-28 08:34:32,060 - __main__ - WARNING - Error calculating Category B score for Ibiza: Found input variables with inconsistent numbers of samples: [2, 15]
2025-02-28 08:34:32,062 - __main__ - WARNING - Error calculating Category B score for Ouarzazate: Found input variables with inconsistent numbers of samples: [2, 19]
2025-02-28 08:34:32,064 - __main__ - WARNING - Error calculating Category B score for Abuja: Found input variables with inconsistent numbers of samples: [3, 11]
2025-02-28 08:34:32,066 - __main__ - WARNING - Error calculating Category B score for Toulouse: Found input variables with inconsistent numbers of samples: [3, 17]
2025-02-28 08:34:32,068 - __main__ - WARNING - Error calculating Category B score for Rio de Janeiro: Found input variables with inconsistent numbers of samples: [5, 13]
2025-02-28 08:34:32,070 - __main__ - WARNING - Error calculating Category B score for Olsztyn: Found input variables with inconsistent numbers of samples: [2, 6]
2025-02-28 08:34:32,072 - __main__ - WARNING - Error calculating Category B score for Amman: Found input variables with inconsistent numbers of samples: [4, 28]
2025-02-28 08:34:32,074 - __main__ - WARNING - Error calculating Category B score for Berlin Brandenburg: Found input variables with inconsistent numbers of samples: [2, 1]
2025-02-28 08:34:32,077 - __main__ - WARNING - Error calculating Category B score for Paderborn: Found input variables with inconsistent numbers of samples: [2, 5]
2025-02-28 08:34:32,079 - __main__ - WARNING - Error calculating Category B score for Hannover: Found input variables with inconsistent numbers of samples: [2, 1]
2025-02-28 08:34:32,081 - __main__ - WARNING - Error calculating Category B score for Trabzon Airport: Found input variables with inconsistent numbers of samples: [6, 17]
2025-02-28 08:34:32,083 - __main__ - WARNING - Error calculating Category B score for Dresden: Found input variables with inconsistent numbers of samples: [2, 8]
2025-02-28 08:34:32,085 - __main__ - WARNING - Error calculating Category B score for Xuzhou Guanyin: Found input variables with inconsistent numbers of samples: [4, 29]
2025-02-28 08:34:32,087 - __main__ - WARNING - Error calculating Category B score for Kuala Lumpur: Found input variables with inconsistent numbers of samples: [6, 14]
2025-02-28 08:34:32,089 - __main__ - WARNING - Error calculating Category B score for Lodz: Found input variables with inconsistent numbers of samples: [2, 7]
2025-02-28 08:34:32,091 - __main__ - WARNING - Error calculating Category B score for Izmir Airport: Found input variables with inconsistent numbers of samples: [5, 41]
2025-02-28 08:34:32,097 - __main__ - WARNING - Error calculating Category B score for London City: Found input variables with inconsistent numbers of samples: [1, 9]
2025-02-28 08:34:32,099 - __main__ - WARNING - Error calculating Category B score for Santorini: Found input variables with inconsistent numbers of samples: [2, 17]
2025-02-28 08:34:32,101 - __main__ - WARNING - Error calculating Category B score for Sendai: Found input variables with inconsistent numbers of samples: [4, 2]
2025-02-28 08:34:32,104 - __main__ - WARNING - Error calculating Category B score for Ioannina: Found input variables with inconsistent numbers of samples: [2, 3]
2025-02-28 08:34:32,106 - __main__ - WARNING - Error calculating Category B score for Norwich: Found input variables with inconsistent numbers of samples: [2, 10]
2025-02-28 08:34:32,108 - __main__ - WARNING - Error calculating Category B score for Bydgoszcz: Found input variables with inconsistent numbers of samples: [2, 3]
2025-02-28 08:34:32,110 - __main__ - WARNING - Error calculating Category B score for Xian Xianyang: Found input variables with inconsistent numbers of samples: [4, 30]
2025-02-28 08:34:32,112 - __main__ - WARNING - Error calculating Category B score for Melbourne: Found input variables with inconsistent numbers of samples: [4, 3]
2025-02-28 08:34:32,114 - __main__ - WARNING - Error calculating Category B score for Dalaman Airport: Found input variables with inconsistent numbers of samples: [4, 7]
2025-02-28 08:34:32,116 - __main__ - WARNING - Error calculating Category B score for Beijing: Found input variables with inconsistent numbers of samples: [4, 27]
2025-02-28 08:34:32,118 - __main__ - WARNING - Error calculating Category B score for Tozeur: Found input variables with inconsistent numbers of samples: [2, 12]
2025-02-28 08:34:32,121 - __main__ - WARNING - Error calculating Category B score for Bogota: Found input variables with inconsistent numbers of samples: [5, 14]
2025-02-28 08:34:32,123 - __main__ - WARNING - Error calculating Category B score for Wroclaw: Found input variables with inconsistent numbers of samples: [2, 3]
2025-02-28 08:34:32,125 - __main__ - WARNING - Error calculating Category B score for Florence: Found input variables with inconsistent numbers of samples: [2, 9]
2025-02-28 08:34:32,127 - __main__ - WARNING - Error calculating Category B score for Copenhagen: Found input variables with inconsistent numbers of samples: [3, 1]
2025-02-28 08:34:32,129 - __main__ - WARNING - Error calculating Category B score for Katima Mulilo: Found input variables with inconsistent numbers of samples: [1, 3]
2025-02-28 08:34:32,131 - __main__ - WARNING - Error calculating Category B score for Marka: Found input variables with inconsistent numbers of samples: [2, 5]
2025-02-28 08:34:32,133 - __main__ - WARNING - Error calculating Category B score for Zakynthos: Found input variables with inconsistent numbers of samples: [3, 18]
2025-02-28 08:34:32,135 - __main__ - WARNING - Error calculating Category B score for Madeira: Found input variables with inconsistent numbers of samples: [2, 8]
2025-02-28 08:34:32,138 - __main__ - WARNING - Error calculating Category B score for Phu Quok: Found input variables with inconsistent numbers of samples: [4, 9]
2025-02-28 08:34:32,140 - __main__ - WARNING - Error calculating Category B score for Dar Es Salaam: Found input variables with inconsistent numbers of samples: [3, 12]
2025-02-28 08:34:32,142 - __main__ - WARNING - Error calculating Category B score for Agadir: Found input variables with inconsistent numbers of samples: [5, 33]
2025-02-28 08:34:32,144 - __main__ - WARNING - Error calculating Category B score for Skiathos: Found input variables with inconsistent numbers of samples: [2, 10]
2025-02-28 08:34:32,146 - __main__ - WARNING - Error calculating Category B score for Leopold Sedar Senghar: Found input variables with inconsistent numbers of samples: [2, 13]
2025-02-28 08:34:32,148 - __main__ - WARNING - Error calculating Category B score for Exeter: Found input variables with inconsistent numbers of samples: [2, 12]
2025-02-28 08:34:32,150 - __main__ - WARNING - Error calculating Category B score for Tarbes - Lourdes: Found input variables with inconsistent numbers of samples: [3, 6]
2025-02-28 08:34:32,152 - __main__ - WARNING - Error calculating Category B score for Dubai: Found input variables with inconsistent numbers of samples: [5, 66]
2025-02-28 08:34:32,155 - __main__ - WARNING - Error calculating Category B score for Mahon Airport: Found input variables with inconsistent numbers of samples: [2, 14]
2025-02-28 08:34:32,157 - __main__ - WARNING - Error calculating Category B score for Viracopos: Found input variables with inconsistent numbers of samples: [5, 14]
2025-02-28 08:34:32,159 - __main__ - WARNING - Error calculating Category B score for Phnom Penh: Found input variables with inconsistent numbers of samples: [5, 33]
2025-02-28 08:34:32,161 - __main__ - WARNING - Error calculating Category B score for Adana Airport: Found input variables with inconsistent numbers of samples: [6, 18]
2025-02-28 08:34:32,163 - __main__ - WARNING - Error calculating Category B score for Rotterdam: Found input variables with inconsistent numbers of samples: [2, 5]
2025-02-28 08:34:32,165 - __main__ - WARNING - Error calculating Category B score for Yangon: Found input variables with inconsistent numbers of samples: [4, 10]
2025-02-28 08:34:32,167 - __main__ - WARNING - Error calculating Category B score for Dublin: Found input variables with inconsistent numbers of samples: [2, 6]
2025-02-28 08:34:32,169 - __main__ - WARNING - Error calculating Category B score for Daegu (downtown): Found input variables with inconsistent numbers of samples: [4, 20]
2025-02-28 08:34:32,172 - __main__ - WARNING - Error calculating Category B score for Shenyang Taoxian: Found input variables with inconsistent numbers of samples: [4, 29]
2025-02-28 08:34:32,174 - __main__ - WARNING - Error calculating Category B score for Lucknow: Found input variables with inconsistent numbers of samples: [3, 6]
2025-02-28 08:34:32,176 - __main__ - WARNING - Error calculating Category B score for Marseille: Found input variables with inconsistent numbers of samples: [3, 14]
2025-02-28 08:34:32,178 - __main__ - WARNING - Error calculating Category B score for Poznan-Lawica: Found input variables with inconsistent numbers of samples: [2, 3]
2025-02-28 08:34:32,184 - __main__ - WARNING - Error calculating Category B score for Cozumel: Found input variables with inconsistent numbers of samples: [5, 14]
2025-02-28 08:34:32,189 - __main__ - WARNING - Error calculating Category B score for Kuwait: Found input variables with inconsistent numbers of samples: [6, 26]
2025-02-28 08:34:32,192 - __main__ - WARNING - Error calculating Category B score for Warsaw-Modlin: Found input variables with inconsistent numbers of samples: [2, 5]
2025-02-28 08:34:32,194 - __main__ - WARNING - Error calculating Category B score for Moscow - Domodedovo: Found input variables with inconsistent numbers of samples: [2, 10]
2025-02-28 08:34:32,196 - __main__ - WARNING - Error calculating Category B score for Zhukovsky: Found input variables with inconsistent numbers of samples: [3, 1]
2025-02-28 08:34:32,198 - __main__ - WARNING - Error calculating Category B score for Bodrum Airport: Found input variables with inconsistent numbers of samples: [5, 41]
2025-02-28 08:34:32,200 - __main__ - WARNING - Error calculating Category B score for Samsun Airport: Found input variables with inconsistent numbers of samples: [6, 36]
2025-02-28 08:34:32,202 - __main__ - WARNING - Error calculating Category B score for Minsk: Found input variables with inconsistent numbers of samples: [1, 2]
2025-02-28 08:34:32,204 - __main__ - WARNING - Error calculating Category B score for Abu Dhabi: Found input variables with inconsistent numbers of samples: [5, 31]
2025-02-28 08:34:32,206 - __main__ - WARNING - Error calculating Category B score for Abidjan: Found input variables with inconsistent numbers of samples: [4, 16]
2025-02-28 08:34:32,209 - __main__ - WARNING - Error calculating Category B score for Netaji Subhash Chandra Bose Int. Airport: Found input variables with inconsistent numbers of samples: [3, 6]
2025-02-28 08:34:32,211 - __main__ - WARNING - Error calculating Category B score for Sao Paulo - Guarulhos: Found input variables with inconsistent numbers of samples: [5, 13]
2025-02-28 08:34:32,213 - __main__ - WARNING - Error calculating Category B score for Pamandzi: Found input variables with inconsistent numbers of samples: [3, 2]
2025-02-28 08:34:32,215 - __main__ - WARNING - Error calculating Category B score for Pisa: Found input variables with inconsistent numbers of samples: [2, 4]
2025-02-28 08:34:32,217 - __main__ - WARNING - Error calculating Category B score for Mazatlan: Found input variables with inconsistent numbers of samples: [5, 10]
2025-02-28 08:34:32,219 - __main__ - WARNING - Error calculating Category B score for Eskisehir Airport: Found input variables with inconsistent numbers of samples: [6, 16]
2025-02-28 08:34:32,225 - __main__ - WARNING - Error calculating Category B score for Katowice: Found input variables with inconsistent numbers of samples: [2, 3]
2025-02-28 08:34:32,227 - __main__ - WARNING - Error calculating Category B score for Baghdad: Found input variables with inconsistent numbers of samples: [3, 1]
2025-02-28 08:34:32,229 - __main__ - WARNING - Error calculating Category B score for Changchun Longjia: Found input variables with inconsistent numbers of samples: [3, 29]
2025-02-28 08:34:32,231 - __main__ - WARNING - Error calculating Category B score for Tel-Aviv: Found input variables with inconsistent numbers of samples: [5, 4]
2025-02-28 08:34:32,237 - __main__ - WARNING - Error calculating Category B score for Eindhoven: Found input variables with inconsistent numbers of samples: [2, 5]
2025-02-28 08:34:32,239 - __main__ - WARNING - Error calculating Category B score for Jaipur: Found input variables with inconsistent numbers of samples: [3, 6]
2025-02-28 08:34:32,241 - __main__ - WARNING - Error calculating Category B score for Vienna: Found input variables with inconsistent numbers of samples: [2, 1]
2025-02-28 08:34:32,243 - __main__ - WARNING - Error calculating Category B score for Chengdu Tianfu: Found input variables with inconsistent numbers of samples: [4, 29]
2025-02-28 08:34:32,245 - __main__ - WARNING - Error calculating Category B score for London Southend Airport: Found input variables with inconsistent numbers of samples: [2, 12]
2025-02-28 08:34:32,247 - __main__ - WARNING - Error calculating Category B score for Krakow Balice: Found input variables with inconsistent numbers of samples: [2, 11]
2025-02-28 08:34:32,249 - __main__ - WARNING - Error calculating Category B score for Manchester: Found input variables with inconsistent numbers of samples: [2, 13]
2025-02-28 08:34:32,251 - __main__ - WARNING - Error calculating Category B score for Rabat: Found input variables with inconsistent numbers of samples: [5, 27]
2025-02-28 08:34:32,254 - __main__ - WARNING - Error calculating Category B score for Dalian Zhoushuizi: Found input variables with inconsistent numbers of samples: [4, 29]
2025-02-28 08:34:32,256 - __main__ - WARNING - Error calculating Category B score for Juba: Found input variables with inconsistent numbers of samples: [1, 3]
2025-02-28 08:34:32,258 - __main__ - WARNING - Error calculating Category B score for Fortaleza: Found input variables with inconsistent numbers of samples: [5, 7]
2025-02-28 08:34:32,260 - __main__ - WARNING - Error calculating Category B score for Bari: Found input variables with inconsistent numbers of samples: [2, 1]
2025-02-28 08:34:32,262 - __main__ - WARNING - Error calculating Category B score for Gerona: Found input variables with inconsistent numbers of samples: [2, 16]
2025-02-28 08:34:32,268 - __main__ - WARNING - Error calculating Category B score for Togo: Found input variables with inconsistent numbers of samples: [4, 2]
2025-02-28 08:34:32,270 - __main__ - WARNING - Error calculating Category B score for Porto Alegre: Found input variables with inconsistent numbers of samples: [6, 8]
2025-02-28 08:34:32,272 - __main__ - WARNING - Error calculating Category B score for Dubrovnik: Found input variables with inconsistent numbers of samples: [2, 1]
2025-02-28 08:34:32,274 - __main__ - WARNING - Error calculating Category B score for Lille: Found input variables with inconsistent numbers of samples: [2, 5]
2025-02-28 08:34:32,276 - __main__ - WARNING - Error calculating Category B score for Verona: Found input variables with inconsistent numbers of samples: [2, 6]
2025-02-28 08:34:32,282 - __main__ - WARNING - Error calculating Category B score for Charleroi: Found input variables with inconsistent numbers of samples: [1, 7]
2025-02-28 08:34:32,284 - __main__ - WARNING - Error calculating Category B score for Kutahya Airport: Found input variables with inconsistent numbers of samples: [5, 17]
2025-02-28 08:34:32,290 - __main__ - WARNING - Error calculating Category B score for Busan - Kimhae: Found input variables with inconsistent numbers of samples: [7, 29]
2025-02-28 08:34:32,292 - __main__ - WARNING - Error calculating Category B score for Guadalajara: Found input variables with inconsistent numbers of samples: [5, 15]
2025-02-28 08:34:32,294 - __main__ - WARNING - Error calculating Category B score for Suleymania Airport: Found input variables with inconsistent numbers of samples: [3, 1]
2025-02-28 08:34:32,296 - __main__ - WARNING - Error calculating Category B score for Rhodes: Found input variables with inconsistent numbers of samples: [4, 17]
2025-02-28 08:34:32,298 - __main__ - WARNING - Error calculating Category B score for St. Petersburg Pulkovo: Found input variables with inconsistent numbers of samples: [3, 11]
2025-02-28 08:34:32,304 - __main__ - WARNING - Error calculating Category B score for Osaka - Kansai: Found input variables with inconsistent numbers of samples: [5, 37]
2025-02-28 08:34:32,306 - __main__ - WARNING - Error calculating Category B score for Gabon: Found input variables with inconsistent numbers of samples: [1, 16]
2025-02-28 08:34:32,308 - __main__ - WARNING - Error calculating Category B score for Santo Domingo Las Americas: Found input variables with inconsistent numbers of samples: [5, 12]
2025-02-28 08:34:32,310 - __main__ - WARNING - Error calculating Category B score for Moscow - Vnukovo: Found input variables with inconsistent numbers of samples: [3, 12]
2025-02-28 08:34:32,312 - __main__ - WARNING - Error calculating Category B score for Glasgow Prestwick: Found input variables with inconsistent numbers of samples: [2, 11]
2025-02-28 08:34:32,314 - __main__ - WARNING - Error calculating Category B score for Punta Cana - Higuey: Found input variables with inconsistent numbers of samples: [5, 25]
2025-02-28 08:34:32,317 - __main__ - WARNING - Error calculating Category B score for Casablanca: Found input variables with inconsistent numbers of samples: [5, 35]
2025-02-28 08:34:32,319 - __main__ - WARNING - Error calculating Category B score for Kavala: Found input variables with inconsistent numbers of samples: [2, 8]
2025-02-28 08:34:32,321 - __main__ - WARNING - Error calculating Category B score for Elblag: Found input variables with inconsistent numbers of samples: [2, 5]
2025-02-28 08:34:32,323 - __main__ - WARNING - Error calculating Category B score for Okayama: Found input variables with inconsistent numbers of samples: [4, 12]
2025-02-28 08:34:32,325 - __main__ - WARNING - Error calculating Category B score for Palma De Mallorca: Found input variables with inconsistent numbers of samples: [2, 19]
2025-02-28 08:34:32,331 - __main__ - WARNING - Error calculating Category B score for Medellin Jose Maria Cordova: Found input variables with inconsistent numbers of samples: [5, 2]
2025-02-28 08:34:32,333 - __main__ - WARNING - Error calculating Category B score for La Romana: Found input variables with inconsistent numbers of samples: [5, 11]
2025-02-28 08:34:32,335 - __main__ - WARNING - Error calculating Category B score for Belgrade: Found input variables with inconsistent numbers of samples: [2, 16]
2025-02-28 08:34:32,337 - __main__ - WARNING - Error calculating Category B score for Madrid Barajas: Found input variables with inconsistent numbers of samples: [2, 19]
2025-02-28 08:34:32,339 - __main__ - WARNING - Error calculating Category B score for Cairo: Found input variables with inconsistent numbers of samples: [5, 17]
2025-02-28 08:34:32,341 - __main__ - WARNING - Error calculating Category B score for Bergamo: Found input variables with inconsistent numbers of samples: [2, 11]
2025-02-28 08:34:32,347 - __main__ - WARNING - Error calculating Category B score for Yinchuan Hedong: Found input variables with inconsistent numbers of samples: [4, 29]
2025-02-28 08:34:32,349 - __main__ - WARNING - Error calculating Category B score for Yancheng Nanyang: Found input variables with inconsistent numbers of samples: [1, 22]
2025-02-28 08:34:32,351 - __main__ - WARNING - Error calculating Category B score for Curacao: Found input variables with inconsistent numbers of samples: [5, 3]
2025-02-28 08:34:32,353 - __main__ - WARNING - Error calculating Category B score for Shizuoka: Found input variables with inconsistent numbers of samples: [3, 2]
2025-02-28 08:34:32,355 - __main__ - WARNING - Error calculating Category B score for Kigali: Found input variables with inconsistent numbers of samples: [3, 2]
2025-02-28 08:34:32,358 - __main__ - WARNING - Error calculating Category B score for Granada: Found input variables with inconsistent numbers of samples: [2, 5]
2025-02-28 08:34:32,360 - __main__ - WARNING - Error calculating Category B score for Sihanoukville: Found input variables with inconsistent numbers of samples: [4, 15]
2025-02-28 08:34:32,362 - __main__ - WARNING - Error calculating Category B score for Karpathos: Found input variables with inconsistent numbers of samples: [2, 3]
2025-02-28 08:34:32,364 - __main__ - WARNING - Error calculating Category B score for Trichy: Found input variables with inconsistent numbers of samples: [3, 6]
2025-02-28 08:34:32,366 - __main__ - WARNING - Error calculating Category B score for Konya Airport: Found input variables with inconsistent numbers of samples: [6, 17]
2025-02-28 08:34:32,368 - __main__ - WARNING - Error calculating Category B score for Kutaisi: Found input variables with inconsistent numbers of samples: [2, 1]
2025-02-28 08:34:32,370 - __main__ - WARNING - Error calculating Category B score for DAMMAM: Found input variables with inconsistent numbers of samples: [3, 23]
2025-02-28 08:34:32,372 - __main__ - WARNING - Error calculating Category B score for Hiroshima: Found input variables with inconsistent numbers of samples: [4, 2]
2025-02-28 08:34:32,374 - __main__ - WARNING - Error calculating Category B score for Puerto Vallarta: Found input variables with inconsistent numbers of samples: [5, 15]
2025-02-28 08:34:32,377 - __main__ - WARNING - Error calculating Category B score for Duesseldorf: Found input variables with inconsistent numbers of samples: [2, 1]
2025-02-28 08:34:32,379 - __main__ - WARNING - Error calculating Category B score for Milan - Linate: Found input variables with inconsistent numbers of samples: [2, 9]
2025-02-28 08:34:32,381 - __main__ - WARNING - Error calculating Category B score for Rome Fiumicino: Found input variables with inconsistent numbers of samples: [2, 13]
2025-02-28 08:34:32,383 - __main__ - WARNING - Error calculating Category B score for Johannesburg: Found input variables with inconsistent numbers of samples: [4, 8]
2025-02-28 08:34:32,385 - __main__ - WARNING - Error calculating Category B score for Dortmund: Found input variables with inconsistent numbers of samples: [2, 1]
2025-02-28 08:34:32,387 - __main__ - WARNING - Error calculating Category B score for Naha: Found input variables with inconsistent numbers of samples: [4, 2]
2025-02-28 08:34:32,389 - __main__ - WARNING - Error calculating Category B score for Astana: Found input variables with inconsistent numbers of samples: [1, 10]
2025-02-28 08:34:32,395 - __main__ - WARNING - Error calculating Category B score for Tbilisi: Found input variables with inconsistent numbers of samples: [2, 1]
2025-02-28 08:34:32,397 - __main__ - INFO - Category B calculation complete for 482 locations
2025-02-28 08:34:32,397 - __main__ - INFO - Calculating Category C scores (Passenger Mix)...
2025-02-28 08:34:37,316 - __main__ - ERROR - Error in Category C calculation: 'Location'
2025-02-28 08:34:37,525 - __main__ - INFO - Calculating Category D scores (Location Clusters)...
2025-02-28 08:34:37,588 - __main__ - ERROR - Error in Category D calculation: 'Location'
2025-02-28 08:34:37,590 - __main__ - INFO - Combining and validating scores...
2025-02-28 08:34:37,594 - __main__ - ERROR - Error combining scores: "['Cat_C', 'Cat_D'] not in index"
2025-02-28 08:34:37,594 - __main__ - ERROR - Failed to combine scores
